<?xml version="1.0" ?>
<!DOCTYPE coverage SYSTEM "http://cobertura.sourceforge.net/xml/coverage-04.dtd">
<coverage lines-valid="81"  lines-covered="81"  line-rate="1"  branches-valid="0"  branches-covered="0"  branch-rate="1"  timestamp="1589407233156" complexity="0" version="0.1">
<sources>
	<source>C:\Users\Meghana\Desktop\Code-ToTrainee\wanderlust-web-service</source>
</sources>
<packages>
	<package name="test"  line-rate="1"  branch-rate="1" >
	<classes>
		<class name="packageSpec.js"  filename="spec\test\packageSpec.js"  line-rate="1"  branch-rate="1" >
		<methods>
		</methods>
		<lines>
			<line number="1"  hits="1"  branch="false" />
			<line number="2"  hits="1"  branch="false" />
			<line number="4"  hits="1"  branch="false" />
			<line number="5"  hits="1"  branch="false" />
			<line number="6"  hits="1"  branch="false" />
			<line number="7"  hits="1"  branch="false" />
			<line number="8"  hits="1"  branch="false" />
			<line number="13"  hits="1"  branch="false" />
			<line number="14"  hits="1"  branch="false" />
			<line number="15"  hits="1"  branch="false" />
			<line number="16"  hits="1"  branch="false" />
			<line number="20"  hits="1"  branch="false" />
			<line number="21"  hits="1"  branch="false" />
			<line number="22"  hits="1"  branch="false" />
			<line number="23"  hits="1"  branch="false" />
			<line number="28"  hits="1"  branch="false" />
			<line number="29"  hits="1"  branch="false" />
			<line number="30"  hits="1"  branch="false" />
			<line number="31"  hits="1"  branch="false" />
			<line number="32"  hits="1"  branch="false" />
			<line number="36"  hits="1"  branch="false" />
			<line number="37"  hits="1"  branch="false" />
			<line number="38"  hits="1"  branch="false" />
			<line number="39"  hits="1"  branch="false" />
			<line number="43"  hits="1"  branch="false" />
			<line number="44"  hits="1"  branch="false" />
			<line number="45"  hits="1"  branch="false" />
			<line number="46"  hits="1"  branch="false" />
			<line number="50"  hits="1"  branch="false" />
			<line number="51"  hits="1"  branch="false" />
			<line number="52"  hits="1"  branch="false" />
			<line number="53"  hits="1"  branch="false" />
			<line number="60"  hits="1"  branch="false" />
			<line number="61"  hits="1"  branch="false" />
			<line number="62"  hits="1"  branch="false" />
			<line number="63"  hits="1"  branch="false" />
			<line number="64"  hits="1"  branch="false" />
			<line number="65"  hits="1"  branch="false" />
			<line number="69"  hits="1"  branch="false" />
			<line number="70"  hits="1"  branch="false" />
			<line number="71"  hits="1"  branch="false" />
			<line number="72"  hits="1"  branch="false" />
			<line number="78"  hits="1"  branch="false" />
			<line number="79"  hits="1"  branch="false" />
			<line number="80"  hits="1"  branch="false" />
			<line number="81"  hits="1"  branch="false" />
			<line number="82"  hits="1"  branch="false" />
			<line number="86"  hits="1"  branch="false" />
			<line number="87"  hits="1"  branch="false" />
			<line number="88"  hits="1"  branch="false" />
			<line number="89"  hits="1"  branch="false" />
			<line number="93"  hits="1"  branch="false" />
			<line number="94"  hits="1"  branch="false" />
			<line number="95"  hits="1"  branch="false" />
			<line number="96"  hits="1"  branch="false" />
			<line number="101"  hits="1"  branch="false" />
			<line number="102"  hits="1"  branch="false" />
			<line number="103"  hits="1"  branch="false" />
			<line number="104"  hits="1"  branch="false" />
			<line number="105"  hits="1"  branch="false" />
			<line number="109"  hits="1"  branch="false" />
			<line number="110"  hits="1"  branch="false" />
			<line number="111"  hits="1"  branch="false" />
			<line number="112"  hits="1"  branch="false" />
			<line number="116"  hits="1"  branch="false" />
			<line number="117"  hits="1"  branch="false" />
			<line number="118"  hits="1"  branch="false" />
			<line number="119"  hits="1"  branch="false" />
			<line number="124"  hits="1"  branch="false" />
			<line number="125"  hits="1"  branch="false" />
			<line number="126"  hits="1"  branch="false" />
			<line number="127"  hits="1"  branch="false" />
			<line number="128"  hits="1"  branch="false" />
			<line number="132"  hits="1"  branch="false" />
			<line number="133"  hits="1"  branch="false" />
			<line number="134"  hits="1"  branch="false" />
			<line number="135"  hits="1"  branch="false" />
			<line number="139"  hits="1"  branch="false" />
			<line number="140"  hits="1"  branch="false" />
			<line number="141"  hits="1"  branch="false" />
			<line number="142"  hits="1"  branch="false" />
		</lines>
		</class>
	</classes>
	</package>
</packages>
</coverage>
